<?xml version="1.0" encoding="UTF-8"?>
<testsuite xmlns:xsi="http://www.w3.org/2001/XMLSchema-instance" xsi:noNamespaceSchemaLocation="https://maven.apache.org/surefire/maven-surefire-plugin/xsd/surefire-test-report-3.0.xsd" version="3.0" name="com.qa.bolags.testrunner.CucumberTestRunner" time="17.719" tests="1" errors="0" skipped="0" failures="1">
  <properties>
[...]
</properties>
  <testcase name="runScenario[&quot;Verify Home Page Title&quot;, &quot;liquidation test&quot;](1)" classname="com.qa.bolags.testrunner.CucumberTestRunner" time="17.279">
    <failure message="no such element: Unable to locate element: {&quot;method&quot;:&quot;xpath&quot;,&quot;selector&quot;:&quot;//button[contains(text(),&apos;FORTSÃTT&apos;)]&quot;}&#10;  (Session info: chrome=142.0.7444.176)&#10;For documentation on this error, please visit: https://www.selenium.dev/documentation/webdriver/troubleshooting/errors#no-such-element-exception&#10;Build info: version: &apos;4.11.0&apos;, revision: &apos;040bc5406b&apos;&#10;System info: os.name: &apos;Mac OS X&apos;, os.arch: &apos;aarch64&apos;, os.version: &apos;15.6&apos;, java.version: &apos;17.0.12&apos;&#10;Driver info: org.openqa.selenium.chrome.ChromeDriver&#10;Command: [10d9721d5a26f0f5f5b2fd6c940188ad, findElement {using=xpath, value=//button[contains(text(),&apos;FORTSÃTT&apos;)]}]&#10;Capabilities {acceptInsecureCerts: true, browserName: chrome, browserVersion: 142.0.7444.176, chrome: {chromedriverVersion: 142.0.7444.175 (302067f14a4..., userDataDir: /var/folders/c4/y8c28s6d1pz...}, fedcm:accounts: true, goog:chromeOptions: {debuggerAddress: localhost:49586}, goog:processID: 2663, networkConnectionEnabled: false, pageLoadStrategy: normal, platformName: mac, proxy: Proxy(), se:cdp: ws://localhost:49586/devtoo..., se:cdpVersion: 142.0.7444.176, setWindowRect: true, strictFileInteractability: false, timeouts: {implicit: 0, pageLoad: 300000, script: 30000}, unhandledPromptBehavior: dismiss and notify, webauthn:extension:credBlob: true, webauthn:extension:largeBlob: true, webauthn:extension:minPinLength: true, webauthn:extension:prf: true, webauthn:virtualAuthenticators: true}&#10;Session ID: 10d9721d5a26f0f5f5b2fd6c940188ad" type="org.openqa.selenium.NoSuchElementException"><![CDATA[org.openqa.selenium.NoSuchElementException: 
no such element: Unable to locate element: {"method":"xpath","selector":"//button[contains(text(),'FORTSÃTT')]"}
  (Session info: chrome=142.0.7444.176)
For documentation on this error, please visit: https://www.selenium.dev/documentation/webdriver/troubleshooting/errors#no-such-element-exception
Build info: version: '4.11.0', revision: '040bc5406b'
System info: os.name: 'Mac OS X', os.arch: 'aarch64', os.version: '15.6', java.version: '17.0.12'
Driver info: org.openqa.selenium.chrome.ChromeDriver
Command: [10d9721d5a26f0f5f5b2fd6c940188ad, findElement {using=xpath, value=//button[contains(text(),'FORTSÃTT')]}]
Capabilities {acceptInsecureCerts: true, browserName: chrome, browserVersion: 142.0.7444.176, chrome: {chromedriverVersion: 142.0.7444.175 (302067f14a4..., userDataDir: /var/folders/c4/y8c28s6d1pz...}, fedcm:accounts: true, goog:chromeOptions: {debuggerAddress: localhost:49586}, goog:processID: 2663, networkConnectionEnabled: false, pageLoadStrategy: normal, platformName: mac, proxy: Proxy(), se:cdp: ws://localhost:49586/devtoo..., se:cdpVersion: 142.0.7444.176, setWindowRect: true, strictFileInteractability: false, timeouts: {implicit: 0, pageLoad: 300000, script: 30000}, unhandledPromptBehavior: dismiss and notify, webauthn:extension:credBlob: true, webauthn:extension:largeBlob: true, webauthn:extension:minPinLength: true, webauthn:extension:prf: true, webauthn:virtualAuthenticators: true}
Session ID: 10d9721d5a26f0f5f5b2fd6c940188ad
	at java.base/jdk.internal.reflect.NativeConstructorAccessorImpl.newInstance0(Native Method)
	at java.base/jdk.internal.reflect.NativeConstructorAccessorImpl.newInstance(NativeConstructorAccessorImpl.java:77)
	at java.base/jdk.internal.reflect.DelegatingConstructorAccessorImpl.newInstance(DelegatingConstructorAccessorImpl.java:45)
	at java.base/java.lang.reflect.Constructor.newInstanceWithCaller(Constructor.java:499)
	at java.base/java.lang.reflect.Constructor.newInstance(Constructor.java:480)
	at org.openqa.selenium.remote.codec.w3c.W3CHttpResponseCodec.createException(W3CHttpResponseCodec.java:200)
	at org.openqa.selenium.remote.codec.w3c.W3CHttpResponseCodec.decode(W3CHttpResponseCodec.java:133)
	at org.openqa.selenium.remote.codec.w3c.W3CHttpResponseCodec.decode(W3CHttpResponseCodec.java:52)
	at org.openqa.selenium.remote.HttpCommandExecutor.execute(HttpCommandExecutor.java:191)
	at org.openqa.selenium.remote.service.DriverCommandExecutor.invokeExecute(DriverCommandExecutor.java:196)
	at org.openqa.selenium.remote.service.DriverCommandExecutor.execute(DriverCommandExecutor.java:171)
	at org.openqa.selenium.remote.RemoteWebDriver.execute(RemoteWebDriver.java:518)
	at org.openqa.selenium.remote.ElementLocation$ElementFinder$2.findElement(ElementLocation.java:165)
	at org.openqa.selenium.remote.ElementLocation.findElement(ElementLocation.java:59)
	at org.openqa.selenium.remote.RemoteWebDriver.findElement(RemoteWebDriver.java:355)
	at org.openqa.selenium.remote.RemoteWebDriver.findElement(RemoteWebDriver.java:349)
	at com.qa.bolags.utility.TestUtil.getWebElement(TestUtil.java:167)
	at com.qa.bolags.utility.TestUtil.click(TestUtil.java:140)
	at com.qa.bolags.pages.liquidationpage.clickonGoOn(liquidationpage.java:110)
	at com.qa.bolags.stepdefs.liquidationStepDef.userClickOnGoOn(liquidationStepDef.java:108)
	at ✽.User click on GoOn(file:///Users/BolagsPartner_Automation/src/test/resources/features/liquidationflow.feature:12)
]]></failure>
    <system-out><![CDATA[
Scenario: Verify Home Page Title            # src/test/resources/features/liquidationflow.feature:3
  Given User login with a valid credentials # com.qa.bolags.stepdefs.liquidationStepDef.userLoginWithAValidCredentials()
------------------------------------------------Javascript execution error caught------------------------------------
  Then User should land on offer page       # com.qa.bolags.stepdefs.liquidationStepDef.userShouldLandOnOfferPage()
  Then User Seacrh with random company name # com.qa.bolags.stepdefs.liquidationStepDef.userSeacrhWithRandomCompanyName()
  Then User enters Fornamn                  # com.qa.bolags.stepdefs.liquidationStepDef.userEntersFornamn()
  Then User enters Efternamn                # com.qa.bolags.stepdefs.liquidationStepDef.userEntersEfternamn()
  Then User enters E-post as                # com.qa.bolags.stepdefs.liquidationStepDef.userEntersEPostAs()
  Then user checks the checkbox             # com.qa.bolags.stepdefs.liquidationStepDef.userChecksTheCheckbox()
  And User click on GoOn                    # com.qa.bolags.stepdefs.liquidationStepDef.userClickOnGoOn()
      org.openqa.selenium.NoSuchElementException: no such element: Unable to locate element: {"method":"xpath","selector":"//button[contains(text(),'FORTSÃTT')]"}
        (Session info: chrome=142.0.7444.176)
      For documentation on this error, please visit: https://www.selenium.dev/documentation/webdriver/troubleshooting/errors#no-such-element-exception
      Build info: version: '4.11.0', revision: '040bc5406b'
      System info: os.name: 'Mac OS X', os.arch: 'aarch64', os.version: '15.6', java.version: '17.0.12'
      Driver info: org.openqa.selenium.chrome.ChromeDriver
      Command: [10d9721d5a26f0f5f5b2fd6c940188ad, findElement {using=xpath, value=//button[contains(text(),'FORTSÃTT')]}]
      Capabilities {acceptInsecureCerts: true, browserName: chrome, browserVersion: 142.0.7444.176, chrome: {chromedriverVersion: 142.0.7444.175 (302067f14a4..., userDataDir: /var/folders/c4/y8c28s6d1pz...}, fedcm:accounts: true, goog:chromeOptions: {debuggerAddress: localhost:49586}, goog:processID: 2663, networkConnectionEnabled: false, pageLoadStrategy: normal, platformName: mac, proxy: Proxy(), se:cdp: ws://localhost:49586/devtoo..., se:cdpVersion: 142.0.7444.176, setWindowRect: true, strictFileInteractability: false, timeouts: {implicit: 0, pageLoad: 300000, script: 30000}, unhandledPromptBehavior: dismiss and notify, webauthn:extension:credBlob: true, webauthn:extension:largeBlob: true, webauthn:extension:minPinLength: true, webauthn:extension:prf: true, webauthn:virtualAuthenticators: true}
      Session ID: 10d9721d5a26f0f5f5b2fd6c940188ad
      	at java.base/jdk.internal.reflect.NativeConstructorAccessorImpl.newInstance0(Native Method)
      	at java.base/jdk.internal.reflect.NativeConstructorAccessorImpl.newInstance(NativeConstructorAccessorImpl.java:77)
      	at java.base/jdk.internal.reflect.DelegatingConstructorAccessorImpl.newInstance(DelegatingConstructorAccessorImpl.java:45)
      	at java.base/java.lang.reflect.Constructor.newInstanceWithCaller(Constructor.java:499)
      	at java.base/java.lang.reflect.Constructor.newInstance(Constructor.java:480)
      	at org.openqa.selenium.remote.codec.w3c.W3CHttpResponseCodec.createException(W3CHttpResponseCodec.java:200)
      	at org.openqa.selenium.remote.codec.w3c.W3CHttpResponseCodec.decode(W3CHttpResponseCodec.java:133)
      	at org.openqa.selenium.remote.codec.w3c.W3CHttpResponseCodec.decode(W3CHttpResponseCodec.java:52)
      	at org.openqa.selenium.remote.HttpCommandExecutor.execute(HttpCommandExecutor.java:191)
      	at org.openqa.selenium.remote.service.DriverCommandExecutor.invokeExecute(DriverCommandExecutor.java:196)
      	at org.openqa.selenium.remote.service.DriverCommandExecutor.execute(DriverCommandExecutor.java:171)
      	at org.openqa.selenium.remote.RemoteWebDriver.execute(RemoteWebDriver.java:518)
      	at org.openqa.selenium.remote.ElementLocation$ElementFinder$2.findElement(ElementLocation.java:165)
      	at org.openqa.selenium.remote.ElementLocation.findElement(ElementLocation.java:59)
      	at org.openqa.selenium.remote.RemoteWebDriver.findElement(RemoteWebDriver.java:355)
      	at org.openqa.selenium.remote.RemoteWebDriver.findElement(RemoteWebDriver.java:349)
      	at com.qa.bolags.utility.TestUtil.getWebElement(TestUtil.java:167)
      	at com.qa.bolags.utility.TestUtil.click(TestUtil.java:140)
      	at com.qa.bolags.pages.liquidationpage.clickonGoOn(liquidationpage.java:110)
      	at com.qa.bolags.stepdefs.liquidationStepDef.userClickOnGoOn(liquidationStepDef.java:108)
      	at ✽.User click on GoOn(file:///Users/BolagsPartner_Automation/src/test/resources/features/liquidationflow.feature:12)
  Then upload the file                      # com.qa.bolags.stepdefs.liquidationStepDef.uploadTheFile()
  And User click on GoOn                    # com.qa.bolags.stepdefs.liquidationStepDef.userClickOnGoOn()
  Then User enters address details          # com.qa.bolags.stepdefs.liquidationStepDef.userEntersAddressDetails()
  Then User click on Save                   # com.qa.bolags.stepdefs.liquidationStepDef.userClickOnSave()
  And Close the browser                     # com.qa.bolags.stepdefs.liquidationStepDef.closeTheBrowser()
]]></system-out>
    <system-err><![CDATA[[main] INFO com.qa.bolags.baseTest.BaseTest - Initializing driver...
[main] INFO com.qa.bolags.baseTest.BaseTest - Selected browser is --> Chrome
[main] INFO com.qa.bolags.baseTest.BaseTest - Application URL is --> https://qa.bolagspartner.se/app/liquidation/company
[main] INFO com.qa.bolags.baseTest.BaseTest - Launching browser...
[main] INFO com.qa.bolags.baseTest.BaseTest - Chrome browser is selected to execute test cases
[main] INFO io.github.bonigarcia.wdm.WebDriverManager - Using chromedriver 142.0.7444.175 (resolved driver for Chrome 142)
[main] INFO io.github.bonigarcia.wdm.WebDriverManager - Exporting webdriver.chrome.driver as /Users/tanujrasane/.cache/selenium/chromedriver/mac-arm64/142.0.7444.175/chromedriver
[main] INFO com.qa.bolags.baseTest.BaseTest - WebDriverManager is set to Chrome
[main] INFO com.qa.bolags.baseTest.BaseTest - Chrome desired Property is set.
Nov 25, 2025 4:07:44 PM org.openqa.selenium.devtools.CdpVersionFinder findNearestMatch
WARNING: Unable to find CDP implementation matching 142
Nov 25, 2025 4:07:44 PM org.openqa.selenium.chromium.ChromiumDriver lambda$new$5
WARNING: Unable to find version of CDP to use for 142.0.7444.176. You may need to include a dependency on a specific version of the CDP using something similar to `org.seleniumhq.selenium:selenium-devtools-v86:4.11.0` where the version ("v86") matches the version of the chromium-based browser you're using and the version number of the artifact is the same as Selenium's.
[main] INFO com.qa.bolags.baseTest.BaseTest - Chrome driver object is created
[main] INFO com.qa.bolags.baseTest.BaseTest - Browser cache cleared.
[main] INFO com.qa.bolags.baseTest.BaseTest - Opening application...
[main] INFO com.qa.bolags.baseTest.BaseTest - Maximizing window...
[main] INFO com.qa.bolags.baseTest.BaseTest - Deleting all cookies...
[main] INFO com.qa.bolags.baseTest.BaseTest - Setting page load timeout...
[main] INFO com.qa.bolags.baseTest.BaseTest - Setting implicit wait timeout...
[main] INFO com.qa.bolags.baseTest.BaseTest - Setting script timeout...
[main] INFO com.qa.bolags.baseTest.BaseTest - Navigating to URL: https://qa.bolagspartner.se/app/liquidation/company
[main] INFO com.qa.bolags.baseTest.BaseTest - Application is launched.
[main] INFO com.qa.bolags.utility.TestUtil - Waiting for Offer page to displayed.
]]></system-err>
  </testcase>
</testsuite>